This file contains any messages produced by compilers while
running configure, to aid debugging if configure makes a mistake.

It was created by configure, which was
generated by GNU Autoconf 2.59.  Invocation command line was

  $ ./configure 

## --------- ##
## Platform. ##
## --------- ##

hostname = meshtastic
uname -m = riscv64
uname -r = 5.10.4-tag-
uname -s = Linux
uname -v = #1 PREEMPT Fri Mar 1 10:47:27 UTC 2024

/usr/bin/uname -p = riscv64
/bin/uname -X     = unknown

/bin/arch              = riscv64
/usr/bin/arch -k       = unknown
/usr/convex/getsysinfo = unknown
hostinfo               = unknown
/bin/machine           = unknown
/usr/bin/oslevel       = unknown
/bin/universe          = unknown

PATH: /usr/local/sbin
PATH: /usr/local/bin
PATH: /usr/sbin
PATH: /usr/bin
PATH: /sbin
PATH: /bin
PATH: /usr/games
PATH: /usr/local/games
PATH: /snap/bin


## ----------- ##
## Core tests. ##
## ----------- ##

configure:1347: checking for a BSD-compatible install
configure:1402: result: /usr/bin/install -c
configure:1413: checking whether build environment is sane
configure:1456: result: yes
configure:1489: checking for gawk
configure:1518: result: no
configure:1489: checking for mawk
configure:1505: found /usr/bin/mawk
configure:1515: result: mawk
configure:1525: checking whether make sets $(MAKE)
configure:1545: result: yes
configure:1712: checking whether to enable maintainer-specific portions of Makefiles
configure:1721: result: no
configure:1828: checking for gcc
configure:1844: found /usr/bin/gcc
configure:1854: result: gcc
configure:2098: checking for C compiler version
configure:2101: gcc --version </dev/null >&5
gcc (Ubuntu 11.4.0-1ubuntu1~22.04) 11.4.0
Copyright (C) 2021 Free Software Foundation, Inc.
This is free software; see the source for copying conditions.  There is NO
warranty; not even for MERCHANTABILITY or FITNESS FOR A PARTICULAR PURPOSE.

configure:2104: $? = 0
configure:2106: gcc -v </dev/null >&5
Using built-in specs.
COLLECT_GCC=gcc
COLLECT_LTO_WRAPPER=/usr/lib/gcc/riscv64-linux-gnu/11/lto-wrapper
Target: riscv64-linux-gnu
Configured with: ../src/configure -v --with-pkgversion='Ubuntu 11.4.0-1ubuntu1~22.04' --with-bugurl=file:///usr/share/doc/gcc-11/README.Bugs --enable-languages=c,ada,c++,go,d,fortran,objc,obj-c++,m2 --prefix=/usr --with-gcc-major-version-only --program-suffix=-11 --program-prefix=riscv64-linux-gnu- --enable-shared --enable-linker-build-id --libexecdir=/usr/lib --without-included-gettext --enable-threads=posix --libdir=/usr/lib --enable-nls --enable-clocale=gnu --enable-libstdcxx-debug --enable-libstdcxx-time=yes --with-default-libstdcxx-abi=new --enable-gnu-unique-object --disable-libitm --disable-libquadmath --disable-libquadmath-support --enable-plugin --enable-default-pie --with-system-zlib --enable-libphobos-checking=release --with-target-system-zlib=auto --enable-objc-gc=auto --enable-multiarch --disable-werror --disable-multilib --with-arch=rv64gc --with-abi=lp64d --enable-checking=release --build=riscv64-linux-gnu --host=riscv64-linux-gnu --target=riscv64-linux-gnu --with-build-config=bootstrap-lto-lean --enable-link-serialization=4
Thread model: posix
Supported LTO compression algorithms: zlib zstd
gcc version 11.4.0 (Ubuntu 11.4.0-1ubuntu1~22.04) 
configure:2109: $? = 0
configure:2111: gcc -V </dev/null >&5
gcc: error: unrecognized command-line option '-V'
gcc: fatal error: no input files
compilation terminated.
configure:2114: $? = 1
configure:2137: checking for C compiler default output file name
configure:2140: gcc -Wall -O2   conftest.c  >&5
configure:2143: $? = 0
configure:2189: result: a.out
configure:2194: checking whether the C compiler works
configure:2200: ./a.out
configure:2203: $? = 0
configure:2220: result: yes
configure:2227: checking whether we are cross compiling
configure:2229: result: no
configure:2232: checking for suffix of executables
configure:2234: gcc -o conftest -Wall -O2   conftest.c  >&5
configure:2237: $? = 0
configure:2262: result: 
configure:2268: checking for suffix of object files
configure:2289: gcc -c -Wall -O2  conftest.c >&5
configure:2292: $? = 0
configure:2314: result: o
configure:2318: checking whether we are using the GNU C compiler
configure:2342: gcc -c -Wall -O2  conftest.c >&5
configure:2348: $? = 0
configure:2351: test -z 			 || test ! -s conftest.err
configure:2354: $? = 0
configure:2357: test -s conftest.o
configure:2360: $? = 0
configure:2373: result: yes
configure:2379: checking whether gcc accepts -g
configure:2400: gcc -c -g  conftest.c >&5
configure:2406: $? = 0
configure:2409: test -z 			 || test ! -s conftest.err
configure:2412: $? = 0
configure:2415: test -s conftest.o
configure:2418: $? = 0
configure:2429: result: yes
configure:2446: checking for gcc option to accept ANSI C
configure:2516: gcc  -c -Wall -O2  conftest.c >&5
configure:2522: $? = 0
configure:2525: test -z 			 || test ! -s conftest.err
configure:2528: $? = 0
configure:2531: test -s conftest.o
configure:2534: $? = 0
configure:2552: result: none needed
configure:2570: gcc -c -Wall -O2  conftest.c >&5
conftest.c:2:3: error: unknown type name 'choke'
    2 |   choke me
      |   ^~~~~
conftest.c:2:3: error: expected '=', ',', ';', 'asm' or '__attribute__' at end of input
configure:2576: $? = 1
configure: failed program was:
| #ifndef __cplusplus
|   choke me
| #endif
configure:2717: checking for style of include used by make
configure:2745: result: GNU
configure:2773: checking dependency style of gcc
configure:2856: result: none
configure:2874: checking whether gcc accepts -fPIE
configure:2889: result: yes
configure:2905: checking for a BSD-compatible install
configure:2960: result: /usr/bin/install -c
configure:2978: checking how to run the C preprocessor
configure:3013: gcc -E  conftest.c
configure:3019: $? = 0
configure:3051: gcc -E  conftest.c
conftest.c:12:10: fatal error: ac_nonexistent.h: No such file or directory
   12 | #include <ac_nonexistent.h>
      |          ^~~~~~~~~~~~~~~~~~
compilation terminated.
configure:3057: $? = 1
configure: failed program was:
| /* confdefs.h.  */
| 
| #define PACKAGE_NAME ""
| #define PACKAGE_TARNAME ""
| #define PACKAGE_VERSION ""
| #define PACKAGE_STRING ""
| #define PACKAGE_BUGREPORT ""
| #define PACKAGE "bluez-hciemu"
| #define VERSION "1.2"
| #define CONFIGDIR "/etc/bluetooth"
| /* end confdefs.h.  */
| #include <ac_nonexistent.h>
configure:3096: result: gcc -E
configure:3120: gcc -E  conftest.c
configure:3126: $? = 0
configure:3158: gcc -E  conftest.c
conftest.c:12:10: fatal error: ac_nonexistent.h: No such file or directory
   12 | #include <ac_nonexistent.h>
      |          ^~~~~~~~~~~~~~~~~~
compilation terminated.
configure:3164: $? = 1
configure: failed program was:
| /* confdefs.h.  */
| 
| #define PACKAGE_NAME ""
| #define PACKAGE_TARNAME ""
| #define PACKAGE_VERSION ""
| #define PACKAGE_STRING ""
| #define PACKAGE_BUGREPORT ""
| #define PACKAGE "bluez-hciemu"
| #define VERSION "1.2"
| #define CONFIGDIR "/etc/bluetooth"
| /* end confdefs.h.  */
| #include <ac_nonexistent.h>
configure:3208: checking for egrep
configure:3218: result: grep -E
configure:3223: checking for ANSI C header files
configure:3248: gcc -c -Wall -O2  conftest.c >&5
configure:3254: $? = 0
configure:3257: test -z 			 || test ! -s conftest.err
configure:3260: $? = 0
configure:3263: test -s conftest.o
configure:3266: $? = 0
configure:3355: gcc -o conftest -Wall -O2   conftest.c  >&5
conftest.c: In function 'main':
conftest.c:29:7: warning: implicit declaration of function 'exit' [-Wimplicit-function-declaration]
   29 |       exit(2);
      |       ^~~~
conftest.c:13:1: note: include '<stdlib.h>' or provide a declaration of 'exit'
   12 | #include <ctype.h>
  +++ |+#include <stdlib.h>
   13 | #if ((' ' & 0x0FF) == 0x020)
conftest.c:29:7: warning: incompatible implicit declaration of built-in function 'exit' [-Wbuiltin-declaration-mismatch]
   29 |       exit(2);
      |       ^~~~
conftest.c:29:7: note: include '<stdlib.h>' or provide a declaration of 'exit'
conftest.c:30:3: warning: incompatible implicit declaration of built-in function 'exit' [-Wbuiltin-declaration-mismatch]
   30 |   exit (0);
      |   ^~~~
conftest.c:30:3: note: include '<stdlib.h>' or provide a declaration of 'exit'
configure:3358: $? = 0
configure:3360: ./conftest
configure:3363: $? = 0
configure:3378: result: yes
configure:3402: checking for sys/types.h
configure:3418: gcc -c -Wall -O2  conftest.c >&5
configure:3424: $? = 0
configure:3427: test -z 			 || test ! -s conftest.err
configure:3430: $? = 0
configure:3433: test -s conftest.o
configure:3436: $? = 0
configure:3447: result: yes
configure:3402: checking for sys/stat.h
configure:3418: gcc -c -Wall -O2  conftest.c >&5
configure:3424: $? = 0
configure:3427: test -z 			 || test ! -s conftest.err
configure:3430: $? = 0
configure:3433: test -s conftest.o
configure:3436: $? = 0
configure:3447: result: yes
configure:3402: checking for stdlib.h
configure:3418: gcc -c -Wall -O2  conftest.c >&5
configure:3424: $? = 0
configure:3427: test -z 			 || test ! -s conftest.err
configure:3430: $? = 0
configure:3433: test -s conftest.o
configure:3436: $? = 0
configure:3447: result: yes
configure:3402: checking for string.h
configure:3418: gcc -c -Wall -O2  conftest.c >&5
configure:3424: $? = 0
configure:3427: test -z 			 || test ! -s conftest.err
configure:3430: $? = 0
configure:3433: test -s conftest.o
configure:3436: $? = 0
configure:3447: result: yes
configure:3402: checking for memory.h
configure:3418: gcc -c -Wall -O2  conftest.c >&5
configure:3424: $? = 0
configure:3427: test -z 			 || test ! -s conftest.err
configure:3430: $? = 0
configure:3433: test -s conftest.o
configure:3436: $? = 0
configure:3447: result: yes
configure:3402: checking for strings.h
configure:3418: gcc -c -Wall -O2  conftest.c >&5
configure:3424: $? = 0
configure:3427: test -z 			 || test ! -s conftest.err
configure:3430: $? = 0
configure:3433: test -s conftest.o
configure:3436: $? = 0
configure:3447: result: yes
configure:3402: checking for inttypes.h
configure:3418: gcc -c -Wall -O2  conftest.c >&5
configure:3424: $? = 0
configure:3427: test -z 			 || test ! -s conftest.err
configure:3430: $? = 0
configure:3433: test -s conftest.o
configure:3436: $? = 0
configure:3447: result: yes
configure:3402: checking for stdint.h
configure:3418: gcc -c -Wall -O2  conftest.c >&5
configure:3424: $? = 0
configure:3427: test -z 			 || test ! -s conftest.err
configure:3430: $? = 0
configure:3433: test -s conftest.o
configure:3436: $? = 0
configure:3447: result: yes
configure:3402: checking for unistd.h
configure:3418: gcc -c -Wall -O2  conftest.c >&5
configure:3424: $? = 0
configure:3427: test -z 			 || test ! -s conftest.err
configure:3430: $? = 0
configure:3433: test -s conftest.o
configure:3436: $? = 0
configure:3447: result: yes
configure:3490: checking bluetooth/bluetooth.h usability
configure:3502: gcc -c -Wall -O2   -I/usr/include conftest.c >&5
configure:3508: $? = 0
configure:3511: test -z 			 || test ! -s conftest.err
configure:3514: $? = 0
configure:3517: test -s conftest.o
configure:3520: $? = 0
configure:3530: result: yes
configure:3534: checking bluetooth/bluetooth.h presence
configure:3544: gcc -E   -I/usr/include conftest.c
configure:3550: $? = 0
configure:3570: result: yes
configure:3605: checking for bluetooth/bluetooth.h
configure:3612: result: yes
configure:3635: checking for hci_open_dev in -lbluetooth
configure:3665: gcc -o conftest -Wall -O2   -I/usr/include   -L/usr/lib conftest.c -lbluetooth   >&5
configure:3671: $? = 0
configure:3674: test -z 			 || test ! -s conftest.err
configure:3677: $? = 0
configure:3680: test -s conftest
configure:3683: $? = 0
configure:3696: result: yes
configure:3706: checking for sdp_connect in -lbluetooth
configure:3736: gcc -o conftest -Wall -O2   -I/usr/include   -L/usr/lib conftest.c -lbluetooth   >&5
configure:3742: $? = 0
configure:3745: test -z 			 || test ! -s conftest.err
configure:3748: $? = 0
configure:3751: test -s conftest
configure:3754: $? = 0
configure:3767: result: yes
configure:3996: creating ./config.status

## ---------------------- ##
## Running config.status. ##
## ---------------------- ##

This file was extended by config.status, which was
generated by GNU Autoconf 2.59.  Invocation command line was

  CONFIG_FILES    = 
  CONFIG_HEADERS  = 
  CONFIG_LINKS    = 
  CONFIG_COMMANDS = 
  $ ./config.status 

on meshtastic

config.status:730: creating Makefile
config.status:796: creating config.h
config.status:1084: executing depfiles commands

## ---------------- ##
## Cache variables. ##
## ---------------- ##

ac_cv_c_compiler_gnu=yes
ac_cv_env_CC_set=
ac_cv_env_CC_value=
ac_cv_env_CFLAGS_set=
ac_cv_env_CFLAGS_value=
ac_cv_env_CPPFLAGS_set=
ac_cv_env_CPPFLAGS_value=
ac_cv_env_CPP_set=
ac_cv_env_CPP_value=
ac_cv_env_LDFLAGS_set=
ac_cv_env_LDFLAGS_value=
ac_cv_env_build_alias_set=
ac_cv_env_build_alias_value=
ac_cv_env_host_alias_set=
ac_cv_env_host_alias_value=
ac_cv_env_target_alias_set=
ac_cv_env_target_alias_value=
ac_cv_exeext=
ac_cv_header_bluetooth_bluetooth_h=yes
ac_cv_header_inttypes_h=yes
ac_cv_header_memory_h=yes
ac_cv_header_stdc=yes
ac_cv_header_stdint_h=yes
ac_cv_header_stdlib_h=yes
ac_cv_header_string_h=yes
ac_cv_header_strings_h=yes
ac_cv_header_sys_stat_h=yes
ac_cv_header_sys_types_h=yes
ac_cv_header_unistd_h=yes
ac_cv_lib_bluetooth_hci_open_dev=yes
ac_cv_lib_bluetooth_sdp_connect=yes
ac_cv_objext=o
ac_cv_path_install='/usr/bin/install -c'
ac_cv_prog_AWK=mawk
ac_cv_prog_CPP='gcc -E'
ac_cv_prog_ac_ct_CC=gcc
ac_cv_prog_cc_g=yes
ac_cv_prog_cc_pie=yes
ac_cv_prog_cc_stdc=
ac_cv_prog_egrep='grep -E'
ac_cv_prog_make_make_set=yes
am_cv_CC_dependencies_compiler_type=none

## ----------------- ##
## Output variables. ##
## ----------------- ##

ACLOCAL='${SHELL} /root/bluez-hciemu-1.2/missing --run aclocal-1.7'
AMDEPBACKSLASH='\'
AMDEP_FALSE='#'
AMDEP_TRUE=''
AMTAR='${SHELL} /root/bluez-hciemu-1.2/missing --run tar'
AUTOCONF='${SHELL} /root/bluez-hciemu-1.2/missing --run autoconf'
AUTOHEADER='${SHELL} /root/bluez-hciemu-1.2/missing --run autoheader'
AUTOMAKE='${SHELL} /root/bluez-hciemu-1.2/missing --run automake-1.7'
AWK='mawk'
BLUEZ_CFLAGS=' -I/usr/include'
BLUEZ_LIBS=' -L/usr/lib -lbluetooth'
CC='gcc'
CCDEPMODE='depmode=none'
CFLAGS='-Wall -O2'
CPP='gcc -E'
CPPFLAGS=''
CYGPATH_W='echo'
DEFS='-DHAVE_CONFIG_H'
DEPDIR='.deps'
ECHO_C=''
ECHO_N='-n'
ECHO_T=''
EGREP='grep -E'
EXEEXT=''
INSTALL_DATA='${INSTALL} -m 644'
INSTALL_PROGRAM='${INSTALL}'
INSTALL_SCRIPT='${INSTALL}'
INSTALL_STRIP_PROGRAM='${SHELL} $(install_sh) -c -s'
LDFLAGS=''
LIBOBJS=''
LIBS=''
LTLIBOBJS=''
MAINT='#'
MAINTAINER_MODE_FALSE=''
MAINTAINER_MODE_TRUE='#'
MAKEINFO='${SHELL} /root/bluez-hciemu-1.2/missing --run makeinfo'
OBJEXT='o'
PACKAGE='bluez-hciemu'
PACKAGE_BUGREPORT=''
PACKAGE_NAME=''
PACKAGE_STRING=''
PACKAGE_TARNAME=''
PACKAGE_VERSION=''
PATH_SEPARATOR=':'
SET_MAKE=''
SHELL='/bin/bash'
STRIP=''
VERSION='1.2'
ac_ct_CC='gcc'
ac_ct_STRIP=''
am__fastdepCC_FALSE=''
am__fastdepCC_TRUE='#'
am__include='include'
am__leading_dot='.'
am__quote=''
bindir='${exec_prefix}/bin'
build_alias=''
datadir='${prefix}/share'
exec_prefix='${prefix}'
host_alias=''
includedir='${prefix}/include'
infodir='${prefix}/info'
install_sh='/root/bluez-hciemu-1.2/install-sh'
libdir='/usr/lib'
libexecdir='${exec_prefix}/libexec'
localstatedir='${prefix}/var'
mandir='${prefix}/share/man'
oldincludedir='/usr/include'
prefix='/usr'
program_transform_name='s,x,x,'
sbindir='${exec_prefix}/sbin'
sharedstatedir='${prefix}/com'
sysconfdir='/etc'
target_alias=''

## ----------- ##
## confdefs.h. ##
## ----------- ##

#define CONFIGDIR "/etc/bluetooth"
#define HAVE_INTTYPES_H 1
#define HAVE_MEMORY_H 1
#define HAVE_STDINT_H 1
#define HAVE_STDLIB_H 1
#define HAVE_STRINGS_H 1
#define HAVE_STRING_H 1
#define HAVE_SYS_STAT_H 1
#define HAVE_SYS_TYPES_H 1
#define HAVE_UNISTD_H 1
#define PACKAGE "bluez-hciemu"
#define PACKAGE_BUGREPORT ""
#define PACKAGE_NAME ""
#define PACKAGE_STRING ""
#define PACKAGE_TARNAME ""
#define PACKAGE_VERSION ""
#define STDC_HEADERS 1
#define VERSION "1.2"

configure: exit 0
